[debug] [2026-01-26T14:14:31.123Z] ----------------------------------------------------------------------
[debug] [2026-01-26T14:14:31.127Z] Command:       /usr/local/bin/node /Users/deepthasanjusree/.npm-global/bin/firebase deploy
[debug] [2026-01-26T14:14:31.127Z] CLI Version:   15.3.1
[debug] [2026-01-26T14:14:31.127Z] Platform:      darwin
[debug] [2026-01-26T14:14:31.127Z] Node Version:  v24.11.1
[debug] [2026-01-26T14:14:31.127Z] Time:          Mon Jan 26 2026 19:44:31 GMT+0530 (India Standard Time)
[debug] [2026-01-26T14:14:31.127Z] ----------------------------------------------------------------------
[debug] 
[debug] [2026-01-26T14:14:33.012Z] > command requires scopes: ["email","openid","https://www.googleapis.com/auth/cloudplatformprojects.readonly","https://www.googleapis.com/auth/firebase","https://www.googleapis.com/auth/cloud-platform"]
[debug] [2026-01-26T14:14:33.012Z] > authorizing via signed-in user (sanjusree2626@gmail.com)
[debug] [2026-01-26T14:14:33.013Z] [iam] checking project shreem-natyalaya for permissions ["datastore.indexes.create","datastore.indexes.delete","datastore.indexes.list","datastore.indexes.update","firebase.projects.get","firebasehosting.sites.update"]
[debug] [2026-01-26T14:14:33.014Z] Checked if tokens are valid: false, expires at: 1769437758435
[debug] [2026-01-26T14:14:33.014Z] Checked if tokens are valid: false, expires at: 1769437758435
[debug] [2026-01-26T14:14:33.015Z] > refreshing access token with scopes: []
[debug] [2026-01-26T14:14:33.017Z] >>> [apiv2][query] POST https://www.googleapis.com/oauth2/v3/token [none]
[debug] [2026-01-26T14:14:33.017Z] >>> [apiv2][body] POST https://www.googleapis.com/oauth2/v3/token [omitted]
[debug] [2026-01-26T14:14:45.983Z] <<< [apiv2][status] POST https://www.googleapis.com/oauth2/v3/token 200
[debug] [2026-01-26T14:14:45.983Z] <<< [apiv2][body] POST https://www.googleapis.com/oauth2/v3/token [omitted]
[debug] [2026-01-26T14:14:46.027Z] >>> [apiv2][query] POST https://cloudresourcemanager.googleapis.com/v1/projects/shreem-natyalaya:testIamPermissions [none]
[debug] [2026-01-26T14:14:46.027Z] >>> [apiv2][(partial)header] POST https://cloudresourcemanager.googleapis.com/v1/projects/shreem-natyalaya:testIamPermissions x-goog-quota-user=projects/shreem-natyalaya
[debug] [2026-01-26T14:14:46.027Z] >>> [apiv2][body] POST https://cloudresourcemanager.googleapis.com/v1/projects/shreem-natyalaya:testIamPermissions {"permissions":["datastore.indexes.create","datastore.indexes.delete","datastore.indexes.list","datastore.indexes.update","firebase.projects.get","firebasehosting.sites.update"]}
[debug] [2026-01-26T14:14:56.110Z] <<< [apiv2][status] POST https://cloudresourcemanager.googleapis.com/v1/projects/shreem-natyalaya:testIamPermissions 200
[debug] [2026-01-26T14:14:56.110Z] <<< [apiv2][body] POST https://cloudresourcemanager.googleapis.com/v1/projects/shreem-natyalaya:testIamPermissions {"permissions":["datastore.indexes.create","datastore.indexes.delete","datastore.indexes.list","datastore.indexes.update","firebase.projects.get","firebasehosting.sites.update"]}
[debug] [2026-01-26T14:14:56.111Z] Checked if tokens are valid: true, expires at: 1769440484983
[debug] [2026-01-26T14:14:56.111Z] Checked if tokens are valid: true, expires at: 1769440484983
[debug] [2026-01-26T14:14:56.112Z] >>> [apiv2][query] GET https://firebase.googleapis.com/v1beta1/projects/shreem-natyalaya [none]
[debug] [2026-01-26T14:15:06.601Z] <<< [apiv2][status] GET https://firebase.googleapis.com/v1beta1/projects/shreem-natyalaya 200
[debug] [2026-01-26T14:15:06.601Z] <<< [apiv2][body] GET https://firebase.googleapis.com/v1beta1/projects/shreem-natyalaya {"projectId":"shreem-natyalaya","projectNumber":"924995485133","displayName":"shreem-natyalaya","name":"projects/shreem-natyalaya","resources":{"hostingSite":"shreem-natyalaya"},"state":"ACTIVE","etag":"1_59d6c82d-627b-4552-8baa-0d08630368cb"}
[info] 
[info] === Deploying to 'shreem-natyalaya'...
[info] 
[info] i  deploying firestore, hosting 
[info] i  firestore: ensuring required API firestore.googleapis.com is enabled... 
[info] i  firestore: ensuring required API firestore.googleapis.com is enabled... 
[debug] [2026-01-26T14:15:06.608Z] Checked if tokens are valid: true, expires at: 1769440484983
[debug] [2026-01-26T14:15:06.608Z] Checked if tokens are valid: true, expires at: 1769440484983
[debug] [2026-01-26T14:15:06.608Z] >>> [apiv2][query] GET https://firestore.googleapis.com/v1/projects/shreem-natyalaya/databases/(default) [none]
[debug] [2026-01-26T14:15:17.695Z] <<< [apiv2][status] GET https://firestore.googleapis.com/v1/projects/shreem-natyalaya/databases/(default) 200
[debug] [2026-01-26T14:15:17.695Z] <<< [apiv2][body] GET https://firestore.googleapis.com/v1/projects/shreem-natyalaya/databases/(default) {"name":"projects/shreem-natyalaya/databases/(default)","uid":"865d7519-1a6f-4c65-911b-e684a312cceb","createTime":"2026-01-21T07:21:38.850989Z","updateTime":"2026-01-21T07:21:38.850989Z","locationId":"asia-south1","type":"FIRESTORE_NATIVE","concurrencyMode":"PESSIMISTIC","versionRetentionPeriod":"3600s","earliestVersionTime":"2026-01-26T13:15:11.951059Z","appEngineIntegrationMode":"DISABLED","keyPrefix":"j","pointInTimeRecoveryEnablement":"POINT_IN_TIME_RECOVERY_DISABLED","deleteProtectionState":"DELETE_PROTECTION_DISABLED","databaseEdition":"STANDARD","freeTier":true,"realtimeUpdatesMode":"REALTIME_UPDATES_MODE_ENABLED","etag":"IN6025SyqZIDMN2z37aMnJID"}
[info] i  firestore: reading indexes from firestore.indexes.json... 
[info] i  cloud.firestore: checking firestore.rules for compilation errors... 
[debug] [2026-01-26T14:15:17.697Z] Checked if tokens are valid: true, expires at: 1769440484983
[debug] [2026-01-26T14:15:17.697Z] Checked if tokens are valid: true, expires at: 1769440484983
[debug] [2026-01-26T14:15:17.698Z] >>> [apiv2][query] POST https://firebaserules.googleapis.com/v1/projects/shreem-natyalaya:test [none]
[debug] [2026-01-26T14:15:17.698Z] >>> [apiv2][body] POST https://firebaserules.googleapis.com/v1/projects/shreem-natyalaya:test [omitted]
[debug] [2026-01-26T14:15:27.370Z] <<< [apiv2][status] POST https://firebaserules.googleapis.com/v1/projects/shreem-natyalaya:test 200
[debug] [2026-01-26T14:15:27.370Z] <<< [apiv2][body] POST https://firebaserules.googleapis.com/v1/projects/shreem-natyalaya:test {}
[info] ✔  cloud.firestore: rules file firestore.rules compiled successfully 
[debug] [2026-01-26T14:15:27.396Z] Checked if tokens are valid: true, expires at: 1769440484983
[debug] [2026-01-26T14:15:27.396Z] Checked if tokens are valid: true, expires at: 1769440484983
[debug] [2026-01-26T14:15:27.396Z] >>> [apiv2][query] POST https://firebasehosting.googleapis.com/v1beta1/projects/-/sites/shreem-natyalaya/versions [none]
[debug] [2026-01-26T14:15:27.396Z] >>> [apiv2][body] POST https://firebasehosting.googleapis.com/v1beta1/projects/-/sites/shreem-natyalaya/versions {"status":"CREATED","labels":{"deployment-tool":"cli-firebase"}}
[debug] [2026-01-26T14:15:39.509Z] <<< [apiv2][status] POST https://firebasehosting.googleapis.com/v1beta1/projects/-/sites/shreem-natyalaya/versions 200
[debug] [2026-01-26T14:15:39.509Z] <<< [apiv2][body] POST https://firebasehosting.googleapis.com/v1beta1/projects/-/sites/shreem-natyalaya/versions {"name":"projects/924995485133/sites/shreem-natyalaya/versions/90af1d8f4adb3148","status":"CREATED","config":{},"labels":{"deployment-tool":"cli-firebase"}}
[debug] [2026-01-26T14:15:39.517Z] Checked if tokens are valid: true, expires at: 1769440484983
[debug] [2026-01-26T14:15:39.517Z] Checked if tokens are valid: true, expires at: 1769440484983
[debug] [2026-01-26T14:15:39.517Z] >>> [apiv2][query] GET https://firebaserules.googleapis.com/v1/projects/shreem-natyalaya/releases pageSize=10&pageToken=
[debug] [2026-01-26T14:15:57.457Z] <<< [apiv2][status] GET https://firebaserules.googleapis.com/v1/projects/shreem-natyalaya/releases 200
[debug] [2026-01-26T14:15:57.457Z] <<< [apiv2][body] GET https://firebaserules.googleapis.com/v1/projects/shreem-natyalaya/releases {"releases":[{"name":"projects/shreem-natyalaya/releases/cloud.firestore","rulesetName":"projects/shreem-natyalaya/rulesets/285f7d41-e96f-41a0-a6bf-9d7ebf41ffb8","createTime":"2026-01-21T07:21:49.134087Z","updateTime":"2026-01-26T13:47:12.452714Z"}]}
[debug] [2026-01-26T14:15:57.457Z] Checked if tokens are valid: true, expires at: 1769440484983
[debug] [2026-01-26T14:15:57.457Z] Checked if tokens are valid: true, expires at: 1769440484983
[debug] [2026-01-26T14:15:57.457Z] >>> [apiv2][query] GET https://firebaserules.googleapis.com/v1/projects/shreem-natyalaya/rulesets/285f7d41-e96f-41a0-a6bf-9d7ebf41ffb8 [none]
[debug] [2026-01-26T14:15:59.886Z] <<< [apiv2][status] GET https://firebaserules.googleapis.com/v1/projects/shreem-natyalaya/rulesets/285f7d41-e96f-41a0-a6bf-9d7ebf41ffb8 200
[debug] [2026-01-26T14:15:59.886Z] <<< [apiv2][body] GET https://firebaserules.googleapis.com/v1/projects/shreem-natyalaya/rulesets/285f7d41-e96f-41a0-a6bf-9d7ebf41ffb8 [omitted]
[info] i  firestore: latest version of firestore.rules already up to date, skipping upload... 
[info] i  firestore: deploying indexes... 
[debug] [2026-01-26T14:15:59.899Z] Checked if tokens are valid: true, expires at: 1769440484983
[debug] [2026-01-26T14:15:59.899Z] Checked if tokens are valid: true, expires at: 1769440484983
[debug] [2026-01-26T14:15:59.899Z] >>> [apiv2][query] GET https://firestore.googleapis.com/v1/projects/shreem-natyalaya/databases/(default)/collectionGroups/-/indexes [none]
[debug] [2026-01-26T14:16:02.838Z] <<< [apiv2][status] GET https://firestore.googleapis.com/v1/projects/shreem-natyalaya/databases/(default)/collectionGroups/-/indexes 200
[debug] [2026-01-26T14:16:02.838Z] <<< [apiv2][body] GET https://firestore.googleapis.com/v1/projects/shreem-natyalaya/databases/(default)/collectionGroups/-/indexes {}
[debug] [2026-01-26T14:16:02.838Z] Checked if tokens are valid: true, expires at: 1769440484983
[debug] [2026-01-26T14:16:02.838Z] Checked if tokens are valid: true, expires at: 1769440484983
[debug] [2026-01-26T14:16:02.839Z] >>> [apiv2][query] GET https://firestore.googleapis.com/v1/projects/shreem-natyalaya/databases/(default)/collectionGroups/-/fields?filter=indexConfig.usesAncestorConfig=false OR ttlConfig:* [none]
[debug] [2026-01-26T14:16:04.348Z] <<< [apiv2][status] GET https://firestore.googleapis.com/v1/projects/shreem-natyalaya/databases/(default)/collectionGroups/-/fields?filter=indexConfig.usesAncestorConfig=false OR ttlConfig:* 200
[debug] [2026-01-26T14:16:04.349Z] <<< [apiv2][body] GET https://firestore.googleapis.com/v1/projects/shreem-natyalaya/databases/(default)/collectionGroups/-/fields?filter=indexConfig.usesAncestorConfig=false OR ttlConfig:* {"fields":[{"name":"projects/shreem-natyalaya/databases/(default)/collectionGroups/__default__/fields/*","indexConfig":{"indexes":[{"queryScope":"COLLECTION","fields":[{"fieldPath":"*","order":"ASCENDING"}],"state":"READY"},{"queryScope":"COLLECTION","fields":[{"fieldPath":"*","order":"DESCENDING"}],"state":"READY"},{"queryScope":"COLLECTION","fields":[{"fieldPath":"*","arrayConfig":"CONTAINS"}],"state":"READY"}]}}]}
[debug] [2026-01-26T14:16:04.349Z] Checked if tokens are valid: true, expires at: 1769440484983
[debug] [2026-01-26T14:16:04.350Z] Checked if tokens are valid: true, expires at: 1769440484983
[debug] [2026-01-26T14:16:04.350Z] >>> [apiv2][query] GET https://firestore.googleapis.com/v1/projects/shreem-natyalaya/databases/(default) [none]
[debug] [2026-01-26T14:16:05.794Z] <<< [apiv2][status] GET https://firestore.googleapis.com/v1/projects/shreem-natyalaya/databases/(default) 200
[debug] [2026-01-26T14:16:05.794Z] <<< [apiv2][body] GET https://firestore.googleapis.com/v1/projects/shreem-natyalaya/databases/(default) {"name":"projects/shreem-natyalaya/databases/(default)","uid":"865d7519-1a6f-4c65-911b-e684a312cceb","createTime":"2026-01-21T07:21:38.850989Z","updateTime":"2026-01-21T07:21:38.850989Z","locationId":"asia-south1","type":"FIRESTORE_NATIVE","concurrencyMode":"PESSIMISTIC","versionRetentionPeriod":"3600s","earliestVersionTime":"2026-01-26T13:16:04.801473Z","appEngineIntegrationMode":"DISABLED","keyPrefix":"j","pointInTimeRecoveryEnablement":"POINT_IN_TIME_RECOVERY_DISABLED","deleteProtectionState":"DELETE_PROTECTION_DISABLED","databaseEdition":"STANDARD","freeTier":true,"realtimeUpdatesMode":"REALTIME_UPDATES_MODE_ENABLED","etag":"IMST9a2yqZIDMN2z37aMnJID"}
[info] ✔  firestore: deployed indexes in firestore.indexes.json successfully for (default) database 
[info] i  hosting[shreem-natyalaya]: beginning deploy... 
[info] i  hosting[shreem-natyalaya]: found 67 files in dist/shreem-natyalaya/browser 
[debug] [2026-01-26T14:16:05.867Z] [hosting] uploading with 200 concurrency
[debug] [2026-01-26T14:16:05.913Z] Checked if tokens are valid: true, expires at: 1769440484983
[debug] [2026-01-26T14:16:05.913Z] Checked if tokens are valid: true, expires at: 1769440484983
[debug] [2026-01-26T14:16:05.915Z] [hosting] hash cache [ZGlzdC9zaHJlZW0tbmF0eWFsYXlhL2Jyb3dzZXI] stored for 67 files
[debug] [2026-01-26T14:16:05.916Z] [hosting][hash queue][FINAL] {"max":32,"min":0,"avg":5.13375166929487,"active":0,"complete":67,"success":67,"errored":0,"retried":0,"total":67,"elapsed":40}
[debug] [2026-01-26T14:16:05.916Z] >>> [apiv2][query] POST https://firebasehosting.googleapis.com/v1beta1/projects/924995485133/sites/shreem-natyalaya/versions/90af1d8f4adb3148:populateFiles [none]
[debug] [2026-01-26T14:16:05.916Z] >>> [apiv2][body] POST https://firebasehosting.googleapis.com/v1beta1/projects/924995485133/sites/shreem-natyalaya/versions/90af1d8f4adb3148:populateFiles {"files":{"/assets/images/withguru.jpg":"3057aa4c528b4d3d734fe8c3551257d05d15d71d6942f48177cb817ae806db53","/assets/images/withforeigners.jpg":"00ad9889806dd7682357daf6548ef47b821425d755cf39e6f6ef20487434946e","/assets/images/veenaicon.webp":"96c03c5cd656602e440fd8d25ccf79b6b012a031db132706af793e104f669bdd","/assets/images/veenai.jpeg":"9eddfa528a12e8056b6bb4641051ad281d4a0717f7480ad2e7f7e9d1f9bc4f1e","/assets/images/veena-award.jpg":"c705208317581d1fa330e82712e1122eb48552c7f9672b243e946c0e83ac452d","/assets/images/valarkalai.jpg":"b504c66f3055694ac11c2ba2b5c16d02c7e9548172ee8121b4875739b618bdfa","/assets/images/upcomingprogram.png":"f1c428cb43d54e3af84ba1b35b8720757c9bb6e4e16756fd512864dd497366b9","/assets/images/tamilnadulogo.webp":"ce6b0990e8e68b770ad7cc9edc9ee6ea87ad21b09156cb5900f1760d22e486e3","/assets/images/swasthikicon1.webp":"8e0edd1ea1e62e54a2fd9a1320a1453c1145f979a352998c95c77ce9f6d80bfb","/assets/images/swasthikicon.webp":"1ba8d6f17e0c267560e7b5dd837a8e147336c25058701edb3958bbc2019d44eb","/assets/images/studentsgroupie.jpg":"8e84d9e85172867977a9a57c60a5bb9ac98d569235af23962525a16185467ce8","/assets/images/statefirst.jpg":"003a7d596d3b3582f3c138b0ddf0a16361f53668a4f21e4a2bb1b4570a72627d","/assets/images/stagegroupie3.jpg":"419eef478007b6459f7a42be941d03dc4371a29a00e91d2872ea1c56d74f323a","/assets/images/stagegroupie2.jpg":"b406063d37fd01abd6ca4123f6d327eaf418a1983c8c86823fa11736d0c69410","/assets/images/stagegroupie1.jpg":"ceead6b4591368d0452d78f599032919c6586c474b800babba7807fbc10725b3","/assets/images/stagegroupie.jpg":"d34d96e23a7fd9da0a66b5e0bf06dba806e6a8b8777079575e1c923747fc6e04","/assets/images/srmlogo.webp":"904bc6af70fc00c6120437a7e6aaf2decaa9038f240ddddf6f331b460d7bcdd9","/assets/images/sree.jpg":"39d99206ea46f02410c75d80f75e8cd66949f2efe8f2d1bdd60c40a1595334bb","/assets/images/slokam.png":"8cbab3fa94bfcd5be8b63e0a835738b8f5efc73589ecf8716f86dff34ce7a519","/assets/images/sivasubramanyan.jpeg":"4e255a85a125eb21c51d72c4b9d2bf739fa883fea23ce75a04517962bbc8d028","/assets/images/self4.jpg":"de631e4f0a0cfc256c27bd264f88540ccf22bb7c383494b3ad108eb93bb0b15d","/assets/images/self3.jpg":"da1835df2e097c9ad43641813548bd8298c355d71f1121ff33cba9414579c253","/assets/images/self2.jpg":"b181529de32c39f56ea1289b74adc01961665362a335c5878c89ff38c8c17198","/assets/images/self1.jpg":"c7e8f58c1d33d691e701a831eabeaef0be3d9b0cbff804a126053d0e8760120b","/assets/images/salangaipooja.jpg":"f8b1f7f3bdb4c1950785fa9360311cc8a8759066730cde1a8950dcc9719fcbf5","/assets/images/salangaiPooja.png":"eb16b09894c352a1a3c470af8b1152d13c59ce64ee31fe0fef708eb3ab1969b7","/assets/images/ranganathar1.jpg":"700465e0cbd9e1b9a9551e0b8b00d59190a7c43d4209afd0a59bbb2531b9e4fe","/assets/images/ranganathar.jpg":"e674ba25375a5f3119100789f04e55be163d7ac80edce2333f90cfb38ce49580","/assets/images/perumal.jpg":"62d6080d2e1bb87c24ee036150af003d633b00111cb9aca181de4e8dde534888","/assets/images/natrajar.jpeg":"0e19024a39bac16f912e63c25bafc2eca4ed869d28c6d448b1a0bf1e4154212e","/assets/images/muralidharan.jpeg":"7d6c03a42f6e1be2c327f300de7146498b63c8b9d2c78e1d6bf14db1d814294f","/assets/images/mnr.jpg":"f3f7a20697d49157e1fc37c45e48aff421f800058066ce0d6e10bcb53069a34c","/assets/images/mangaiyarkarasi.jpeg":"4809cb815ef683addbb564c68b5e54bfaefafb740b3a7fac6d3216a8adcb89ee","/assets/images/logo.jpg":"78b7851f3ae524f8a20c6cbeeff43868de8788cdc0698aa48e536a3d38fee16a","/assets/images/keyboardGuru.png":"fc7d8e8c0e98c1a93bc470160bfbb082ae6beb181172f7bf3eda468d4a09eb3f","/assets/images/kanchana.png":"30bc4a6a06bcd96669ecda7d34a2889aa33386fea26290b5ac186615bbb30a22","/assets/images/groupiewithparents.jpg":"80cf7b485d2674d1cc7c7848da5660eddbedde551e92697eaa8f747e7933fc3d","/assets/images/groupie1.jpg":"cc9285af50b4b65b188f45e7786645c9cacf19d904429162e49a98b023f1e279","/assets/images/group4.jpg":"fd1b5cdf44ace41dbecbb6dec8c291c561e1f41a79dd00770b80025f86a848f8","/assets/images/group2.jpg":"d808895b50f7c4afc99c47148f18f927685e767f2c39bfdf0208f0c0b3fdabca","/assets/images/group1.jpg":"8d43da2e6ca7e40fc4288797829f13dd35affeb8333156b9c1dce92f0a9ad10c","/assets/images/founder3.jpg":"c7b5834d3dbcadf7fdba4b25482e301edca90d645c9c76cebca01b03b4694236","/assets/images/founder1.jpg":"39d99206ea46f02410c75d80f75e8cd66949f2efe8f2d1bdd60c40a1595334bb","/assets/images/founder.png":"5f1e48151ed3d2874ba524d25f0907e77d6366dc4912deb59c578d37948f15da","/assets/images/classImage3.jpg":"49abba2c31ef73490c5af8318ac444e3327d864726b79ca7705a7aea5b6bee23","/assets/images/classImage1.png":"1ab57278f0bd27dab373515c418f81b9da99c4e91e096f1bf0f1b5a740941fbe","/assets/images/bharathanatyamicon.webp":"1b3fd96713393ac6671540bbf351263c5268845154632bc1770af1d4eca369c0","/assets/images/balaramar.jpg":"d5144497a7a0375cf494f6ecad8c6537f5954a8d14a73ef48365c156fe1ab36c","/assets/images/assistantdirector.jpg":"231cd2a26530e25c7a5d152e5431d5bef8af831281b8971185f5c432475ae493","/assets/images/arangetramgroupie.jpg":"0e0e8f58931824e707796e37ab263e5f98aab5a4cad54f43c59cc22fb727a526","/assets/images/arangetram.jpg":"8ba2a7a1c3a479f8836d66079d247c01f03eca49fa04792932a13960206fb0e8","/assets/i18n/ta.json":"1b392e59eaa36a6b611c72d093d701e981a9bc8e8e5ff3993ab2db2741975aca","/assets/i18n/en.json":"da3a80b5ac5899a3ffdc1fa043fdc7e58cf1326f1b19845df7aa901aee56f794","/index.html":"bda5d6be680a1d0ea2c7d45501dea69cda8b4e841ceebf448748c5abda21bec7","/chunk-TQJFZ75C.js":"2194278d9469b576bb97756400b9e4abab7c51c33e8cd10800399fc14ec1a9f0","/main-ZDKC2QEJ.js":"d6925b8c12486e521bc126e81e396385b26bf0b3467d6ac81b7ada83031c2a31","/chunk-QOPQGHOP.js":"cf8a937598e90b4cf09d46fc2199f7c9b356e22ad6db74db96c5e21a57f99666","/chunk-ZHRX5RTK.js":"7858abb282290d92c7bfd390f0acb51f9b3584af119fb9795b837bfa1dc1faa0","/styles-J2AJM7SJ.css":"26b21107ddfb5b6172e2c8870dc4a7ec5f38d1fc2deb9aafcf597bd5f68c1a4d","/chunk-NQUPPHG6.js":"4b7df2ee49f38dc61b51412e624e6a1049c5fa90becfaa176071ed5dfad5ebcc","/chunk-6XAQDUWY.js":"518be23953ad203235e20a77e34b5909ca72d573d741f4335812ed6f23faa243","/chunk-GXVKZSZR.js":"439cca6824f61e1990300ef88b9a710beb5eeb70bf1161184d7163fbce0acfc9","/chunk-45BM7LTN.js":"194fabe1f14b3d4d48d2dbe937eda0011bea7cf7419d8addb6db518e916f51c0","/chunk-3VRJRUG5.js":"9372d03450ce14089ab75cefcaa42ae3711d2eda0fd91d8ee2870b9fbaa5d3b4","/chunk-3PBUKLGG.js":"bc35f7786f4307e577829a773101455c1b6e3382c95307e3db79cebb32e50877","/chunk-4RFDWFHG.js":"cdc208554d2e363ee16be79e70565d05b2a785f2211622671ccfab28b73c5caf","/chunk-RLYGLONP.js":"95b12820bc426c2239400aaaad992d07532583c42d8b663d06f87cad1d2a74fa"}}
[debug] [2026-01-26T14:16:15.769Z] <<< [apiv2][status] POST https://firebasehosting.googleapis.com/v1beta1/projects/924995485133/sites/shreem-natyalaya/versions/90af1d8f4adb3148:populateFiles 200
[debug] [2026-01-26T14:16:15.769Z] <<< [apiv2][body] POST https://firebasehosting.googleapis.com/v1beta1/projects/924995485133/sites/shreem-natyalaya/versions/90af1d8f4adb3148:populateFiles {"uploadRequiredHashes":["bda5d6be680a1d0ea2c7d45501dea69cda8b4e841ceebf448748c5abda21bec7"],"uploadUrl":"https://upload-firebasehosting.googleapis.com/upload/sites/shreem-natyalaya/versions/90af1d8f4adb3148/files"}
[debug] [2026-01-26T14:16:15.770Z] Checked if tokens are valid: true, expires at: 1769440484983
[debug] [2026-01-26T14:16:15.770Z] Checked if tokens are valid: true, expires at: 1769440484983
[debug] [2026-01-26T14:16:15.770Z] >>> [apiv2][query] POST https://upload-firebasehosting.googleapis.com/upload/sites/shreem-natyalaya/versions/90af1d8f4adb3148/files/bda5d6be680a1d0ea2c7d45501dea69cda8b4e841ceebf448748c5abda21bec7 [none]
[debug] [2026-01-26T14:16:15.771Z] >>> [apiv2][body] POST https://upload-firebasehosting.googleapis.com/upload/sites/shreem-natyalaya/versions/90af1d8f4adb3148/files/bda5d6be680a1d0ea2c7d45501dea69cda8b4e841ceebf448748c5abda21bec7 [stream]
[debug] [2026-01-26T14:16:15.772Z] [hosting][populate queue][FINAL] {"max":9857,"min":9857,"avg":9857,"active":0,"complete":1,"success":1,"errored":0,"retried":0,"total":1,"elapsed":9859}
[debug] [2026-01-26T14:16:15.772Z] [hosting] uploads queued: 1
[debug] [2026-01-26T14:16:26.527Z] <<< [apiv2][status] POST https://upload-firebasehosting.googleapis.com/upload/sites/shreem-natyalaya/versions/90af1d8f4adb3148/files/bda5d6be680a1d0ea2c7d45501dea69cda8b4e841ceebf448748c5abda21bec7 400
[debug] [2026-01-26T14:16:26.527Z] <<< [apiv2][body] POST https://upload-firebasehosting.googleapis.com/upload/sites/shreem-natyalaya/versions/90af1d8f4adb3148/files/bda5d6be680a1d0ea2c7d45501dea69cda8b4e841ceebf448748c5abda21bec7 [stream]
[debug] [2026-01-26T14:16:26.527Z] [hosting][upload] index.html (bda5d6be680a1d0ea2c7d45501dea69cda8b4e841ceebf448748c5abda21bec7) HTTP ERROR 400: headers={"x-guploader-uploadid":["AJRbA5Ujjz0mEaPMn24jqZ7iW3Puy7L-PbgOSE_fMkbiNZNAx-Jga_bnwlEQiN7l6Vi8ek4"],"content-length":["73"],"date":["Mon, 26 Jan 2026 14:16:25 GMT"],"server":["UploadServer"],"content-type":["text/html; charset=UTF-8"],"alt-svc":["h3=\":443\"; ma=2592000,h3-29=\":443\"; ma=2592000"]} Couldn't process request (status=400): content hash doesn't match content
[debug] [2026-01-26T14:16:26.928Z] [uploadQueue] Retrying task bda5d6be680a1d0ea2c7d45501dea69cda8b4e841ceebf448748c5abda21bec7
[debug] [2026-01-26T14:16:26.929Z] Checked if tokens are valid: true, expires at: 1769440484983
[debug] [2026-01-26T14:16:26.929Z] Checked if tokens are valid: true, expires at: 1769440484983
[debug] [2026-01-26T14:16:26.929Z] >>> [apiv2][query] POST https://upload-firebasehosting.googleapis.com/upload/sites/shreem-natyalaya/versions/90af1d8f4adb3148/files/bda5d6be680a1d0ea2c7d45501dea69cda8b4e841ceebf448748c5abda21bec7 [none]
[debug] [2026-01-26T14:16:26.929Z] >>> [apiv2][body] POST https://upload-firebasehosting.googleapis.com/upload/sites/shreem-natyalaya/versions/90af1d8f4adb3148/files/bda5d6be680a1d0ea2c7d45501dea69cda8b4e841ceebf448748c5abda21bec7 [stream]
[debug] [2026-01-26T14:16:30.564Z] <<< [apiv2][status] POST https://upload-firebasehosting.googleapis.com/upload/sites/shreem-natyalaya/versions/90af1d8f4adb3148/files/bda5d6be680a1d0ea2c7d45501dea69cda8b4e841ceebf448748c5abda21bec7 400
[debug] [2026-01-26T14:16:30.564Z] <<< [apiv2][body] POST https://upload-firebasehosting.googleapis.com/upload/sites/shreem-natyalaya/versions/90af1d8f4adb3148/files/bda5d6be680a1d0ea2c7d45501dea69cda8b4e841ceebf448748c5abda21bec7 [stream]
[debug] [2026-01-26T14:16:30.564Z] [hosting][upload] index.html (bda5d6be680a1d0ea2c7d45501dea69cda8b4e841ceebf448748c5abda21bec7) HTTP ERROR 400: headers={"x-guploader-uploadid":["AJRbA5Vn2VUivaAryOgS6QmZwsEAuWOdEnuzeNHGhFsqaR5rIq4040QKd4T-sus2TS7XaCVL4-nDtQQ"],"content-length":["73"],"date":["Mon, 26 Jan 2026 14:16:29 GMT"],"server":["UploadServer"],"content-type":["text/html; charset=UTF-8"],"alt-svc":["h3=\":443\"; ma=2592000,h3-29=\":443\"; ma=2592000"]} Couldn't process request (status=400): content hash doesn't match content
[debug] [2026-01-26T14:16:31.365Z] [uploadQueue] Retrying task bda5d6be680a1d0ea2c7d45501dea69cda8b4e841ceebf448748c5abda21bec7
[debug] [2026-01-26T14:16:31.366Z] Checked if tokens are valid: true, expires at: 1769440484983
[debug] [2026-01-26T14:16:31.366Z] Checked if tokens are valid: true, expires at: 1769440484983
[debug] [2026-01-26T14:16:31.366Z] >>> [apiv2][query] POST https://upload-firebasehosting.googleapis.com/upload/sites/shreem-natyalaya/versions/90af1d8f4adb3148/files/bda5d6be680a1d0ea2c7d45501dea69cda8b4e841ceebf448748c5abda21bec7 [none]
[debug] [2026-01-26T14:16:31.366Z] >>> [apiv2][body] POST https://upload-firebasehosting.googleapis.com/upload/sites/shreem-natyalaya/versions/90af1d8f4adb3148/files/bda5d6be680a1d0ea2c7d45501dea69cda8b4e841ceebf448748c5abda21bec7 [stream]
[debug] [2026-01-26T14:16:34.161Z] <<< [apiv2][status] POST https://upload-firebasehosting.googleapis.com/upload/sites/shreem-natyalaya/versions/90af1d8f4adb3148/files/bda5d6be680a1d0ea2c7d45501dea69cda8b4e841ceebf448748c5abda21bec7 400
[debug] [2026-01-26T14:16:34.161Z] <<< [apiv2][body] POST https://upload-firebasehosting.googleapis.com/upload/sites/shreem-natyalaya/versions/90af1d8f4adb3148/files/bda5d6be680a1d0ea2c7d45501dea69cda8b4e841ceebf448748c5abda21bec7 [stream]
[debug] [2026-01-26T14:16:34.161Z] [hosting][upload] index.html (bda5d6be680a1d0ea2c7d45501dea69cda8b4e841ceebf448748c5abda21bec7) HTTP ERROR 400: headers={"x-guploader-uploadid":["AJRbA5UnE1lh9xIkluEyMjxuYt7ERNEF0z1RUWz4d91Ee8E2yJ3hHeg3pX0C6HWYmJxSdBxSe1cAlRM"],"content-length":["73"],"date":["Mon, 26 Jan 2026 14:16:33 GMT"],"server":["UploadServer"],"content-type":["text/html; charset=UTF-8"],"alt-svc":["h3=\":443\"; ma=2592000,h3-29=\":443\"; ma=2592000"]} Couldn't process request (status=400): content hash doesn't match content
[debug] [2026-01-26T14:16:35.762Z] [uploadQueue] Retrying task bda5d6be680a1d0ea2c7d45501dea69cda8b4e841ceebf448748c5abda21bec7
[debug] [2026-01-26T14:16:35.762Z] Checked if tokens are valid: true, expires at: 1769440484983
[debug] [2026-01-26T14:16:35.763Z] Checked if tokens are valid: true, expires at: 1769440484983
[debug] [2026-01-26T14:16:35.763Z] >>> [apiv2][query] POST https://upload-firebasehosting.googleapis.com/upload/sites/shreem-natyalaya/versions/90af1d8f4adb3148/files/bda5d6be680a1d0ea2c7d45501dea69cda8b4e841ceebf448748c5abda21bec7 [none]
[debug] [2026-01-26T14:16:35.763Z] >>> [apiv2][body] POST https://upload-firebasehosting.googleapis.com/upload/sites/shreem-natyalaya/versions/90af1d8f4adb3148/files/bda5d6be680a1d0ea2c7d45501dea69cda8b4e841ceebf448748c5abda21bec7 [stream]
[debug] [2026-01-26T14:16:39.696Z] <<< [apiv2][status] POST https://upload-firebasehosting.googleapis.com/upload/sites/shreem-natyalaya/versions/90af1d8f4adb3148/files/bda5d6be680a1d0ea2c7d45501dea69cda8b4e841ceebf448748c5abda21bec7 400
[debug] [2026-01-26T14:16:39.697Z] <<< [apiv2][body] POST https://upload-firebasehosting.googleapis.com/upload/sites/shreem-natyalaya/versions/90af1d8f4adb3148/files/bda5d6be680a1d0ea2c7d45501dea69cda8b4e841ceebf448748c5abda21bec7 [stream]
[debug] [2026-01-26T14:16:39.697Z] [hosting][upload] index.html (bda5d6be680a1d0ea2c7d45501dea69cda8b4e841ceebf448748c5abda21bec7) HTTP ERROR 400: headers={"x-guploader-uploadid":["AJRbA5W5n5sXp3cXCicTLEzANd6BBR-Oeelgqv0La9EMd1zsKrETQGQn9-jBNVaFeJxYfphN"],"content-length":["73"],"date":["Mon, 26 Jan 2026 14:16:38 GMT"],"server":["UploadServer"],"content-type":["text/html; charset=UTF-8"],"alt-svc":["h3=\":443\"; ma=2592000,h3-29=\":443\"; ma=2592000"]} Couldn't process request (status=400): content hash doesn't match content
[debug] [2026-01-26T14:16:42.896Z] [uploadQueue] Retrying task bda5d6be680a1d0ea2c7d45501dea69cda8b4e841ceebf448748c5abda21bec7
[debug] [2026-01-26T14:16:42.897Z] Checked if tokens are valid: true, expires at: 1769440484983
[debug] [2026-01-26T14:16:42.897Z] Checked if tokens are valid: true, expires at: 1769440484983
[debug] [2026-01-26T14:16:42.897Z] >>> [apiv2][query] POST https://upload-firebasehosting.googleapis.com/upload/sites/shreem-natyalaya/versions/90af1d8f4adb3148/files/bda5d6be680a1d0ea2c7d45501dea69cda8b4e841ceebf448748c5abda21bec7 [none]
[debug] [2026-01-26T14:16:42.897Z] >>> [apiv2][body] POST https://upload-firebasehosting.googleapis.com/upload/sites/shreem-natyalaya/versions/90af1d8f4adb3148/files/bda5d6be680a1d0ea2c7d45501dea69cda8b4e841ceebf448748c5abda21bec7 [stream]
[debug] [2026-01-26T14:16:47.968Z] <<< [apiv2][status] POST https://upload-firebasehosting.googleapis.com/upload/sites/shreem-natyalaya/versions/90af1d8f4adb3148/files/bda5d6be680a1d0ea2c7d45501dea69cda8b4e841ceebf448748c5abda21bec7 400
[debug] [2026-01-26T14:16:47.968Z] <<< [apiv2][body] POST https://upload-firebasehosting.googleapis.com/upload/sites/shreem-natyalaya/versions/90af1d8f4adb3148/files/bda5d6be680a1d0ea2c7d45501dea69cda8b4e841ceebf448748c5abda21bec7 [stream]
[debug] [2026-01-26T14:16:47.968Z] [hosting][upload] index.html (bda5d6be680a1d0ea2c7d45501dea69cda8b4e841ceebf448748c5abda21bec7) HTTP ERROR 400: headers={"x-guploader-uploadid":["AJRbA5VFewk8-XuOaquuqn_23yWRqLcTdGg8zHPDZiBxOxMoV7tFcRymLwUNcQ8vl5WC-5X0f_iPTyg"],"content-length":["73"],"date":["Mon, 26 Jan 2026 14:16:47 GMT"],"server":["UploadServer"],"content-type":["text/html; charset=UTF-8"],"alt-svc":["h3=\":443\"; ma=2592000,h3-29=\":443\"; ma=2592000"]} Couldn't process request (status=400): content hash doesn't match content
[debug] [2026-01-26T14:16:54.369Z] [uploadQueue] Retrying task bda5d6be680a1d0ea2c7d45501dea69cda8b4e841ceebf448748c5abda21bec7
[debug] [2026-01-26T14:16:54.369Z] Checked if tokens are valid: true, expires at: 1769440484983
[debug] [2026-01-26T14:16:54.369Z] Checked if tokens are valid: true, expires at: 1769440484983
[debug] [2026-01-26T14:16:54.369Z] >>> [apiv2][query] POST https://upload-firebasehosting.googleapis.com/upload/sites/shreem-natyalaya/versions/90af1d8f4adb3148/files/bda5d6be680a1d0ea2c7d45501dea69cda8b4e841ceebf448748c5abda21bec7 [none]
[debug] [2026-01-26T14:16:54.369Z] >>> [apiv2][body] POST https://upload-firebasehosting.googleapis.com/upload/sites/shreem-natyalaya/versions/90af1d8f4adb3148/files/bda5d6be680a1d0ea2c7d45501dea69cda8b4e841ceebf448748c5abda21bec7 [stream]
[debug] [2026-01-26T14:17:03.859Z] <<< [apiv2][status] POST https://upload-firebasehosting.googleapis.com/upload/sites/shreem-natyalaya/versions/90af1d8f4adb3148/files/bda5d6be680a1d0ea2c7d45501dea69cda8b4e841ceebf448748c5abda21bec7 400
[debug] [2026-01-26T14:17:03.859Z] <<< [apiv2][body] POST https://upload-firebasehosting.googleapis.com/upload/sites/shreem-natyalaya/versions/90af1d8f4adb3148/files/bda5d6be680a1d0ea2c7d45501dea69cda8b4e841ceebf448748c5abda21bec7 [stream]
[debug] [2026-01-26T14:17:03.859Z] [hosting][upload] index.html (bda5d6be680a1d0ea2c7d45501dea69cda8b4e841ceebf448748c5abda21bec7) HTTP ERROR 400: headers={"x-guploader-uploadid":["AJRbA5WONJNiMWTfq1zU6DAp-Dsc8CvqB9rTiHpxVz-ogpA-hmADvmTKagVQzlgpE-08G440"],"content-length":["73"],"date":["Mon, 26 Jan 2026 14:17:03 GMT"],"server":["UploadServer"],"content-type":["text/html; charset=UTF-8"],"alt-svc":["h3=\":443\"; ma=2592000,h3-29=\":443\"; ma=2592000"]} Couldn't process request (status=400): content hash doesn't match content
[debug] Task bda5d6be680a1d0ea2c7d45501dea69cda8b4e841ceebf448748c5abda21bec7 failed: retries exhausted after 6 attempts, with error: Unexpected error while uploading file: Couldn't process request (status=400): content hash doesn't match content
[debug] [2026-01-26T14:17:03.860Z] [hosting][upload queue] upload failed with content hash error. Deleting hash cache
[debug] [2026-01-26T14:17:03.861Z] [hosting] hash cache [ZGlzdC9zaHJlZW0tbmF0eWFsYXlhL2Jyb3dzZXI] stored for 0 files
[debug] [2026-01-26T14:17:03.861Z] [hosting][upload queue][FINAL] {"max":0,"min":9999999999,"avg":0,"active":0,"complete":1,"success":0,"errored":1,"retried":5,"total":1,"elapsed":48091}
[debug] [2026-01-26T14:17:08.868Z] Error: Timed out.
    at Timeout._onTimeout (/Users/deepthasanjusree/.npm-global/lib/node_modules/firebase-tools/lib/utils.js:308:49)
    at listOnTimeout (node:internal/timers:605:17)
    at process.processTimers (node:internal/timers:541:7)
[error] 
[error] Error: An unexpected error has occurred.
[debug] [2026-01-26T14:18:18.340Z] ----------------------------------------------------------------------
[debug] [2026-01-26T14:18:18.345Z] Command:       /usr/local/bin/node /Users/deepthasanjusree/.npm-global/bin/firebase deploy
[debug] [2026-01-26T14:18:18.346Z] CLI Version:   15.3.1
[debug] [2026-01-26T14:18:18.346Z] Platform:      darwin
[debug] [2026-01-26T14:18:18.346Z] Node Version:  v24.11.1
[debug] [2026-01-26T14:18:18.346Z] Time:          Mon Jan 26 2026 19:48:18 GMT+0530 (India Standard Time)
[debug] [2026-01-26T14:18:18.346Z] ----------------------------------------------------------------------
[debug] 
[debug] [2026-01-26T14:18:19.882Z] > command requires scopes: ["email","openid","https://www.googleapis.com/auth/cloudplatformprojects.readonly","https://www.googleapis.com/auth/firebase","https://www.googleapis.com/auth/cloud-platform"]
[debug] [2026-01-26T14:18:19.882Z] > authorizing via signed-in user (sanjusree2626@gmail.com)
[debug] [2026-01-26T14:18:19.882Z] [iam] checking project shreem-natyalaya for permissions ["datastore.indexes.create","datastore.indexes.delete","datastore.indexes.list","datastore.indexes.update","firebase.projects.get","firebasehosting.sites.update"]
[debug] [2026-01-26T14:18:19.883Z] Checked if tokens are valid: true, expires at: 1769440484983
[debug] [2026-01-26T14:18:19.883Z] Checked if tokens are valid: true, expires at: 1769440484983
[debug] [2026-01-26T14:18:19.884Z] >>> [apiv2][query] POST https://cloudresourcemanager.googleapis.com/v1/projects/shreem-natyalaya:testIamPermissions [none]
[debug] [2026-01-26T14:18:19.884Z] >>> [apiv2][(partial)header] POST https://cloudresourcemanager.googleapis.com/v1/projects/shreem-natyalaya:testIamPermissions x-goog-quota-user=projects/shreem-natyalaya
[debug] [2026-01-26T14:18:19.884Z] >>> [apiv2][body] POST https://cloudresourcemanager.googleapis.com/v1/projects/shreem-natyalaya:testIamPermissions {"permissions":["datastore.indexes.create","datastore.indexes.delete","datastore.indexes.list","datastore.indexes.update","firebase.projects.get","firebasehosting.sites.update"]}
[debug] [2026-01-26T14:18:30.215Z] <<< [apiv2][status] POST https://cloudresourcemanager.googleapis.com/v1/projects/shreem-natyalaya:testIamPermissions 200
[debug] [2026-01-26T14:18:30.215Z] <<< [apiv2][body] POST https://cloudresourcemanager.googleapis.com/v1/projects/shreem-natyalaya:testIamPermissions {"permissions":["datastore.indexes.create","datastore.indexes.delete","datastore.indexes.list","datastore.indexes.update","firebase.projects.get","firebasehosting.sites.update"]}
[debug] [2026-01-26T14:18:30.216Z] Checked if tokens are valid: true, expires at: 1769440484983
[debug] [2026-01-26T14:18:30.216Z] Checked if tokens are valid: true, expires at: 1769440484983
[debug] [2026-01-26T14:18:30.216Z] >>> [apiv2][query] GET https://firebase.googleapis.com/v1beta1/projects/shreem-natyalaya [none]
[debug] [2026-01-26T14:18:46.401Z] <<< [apiv2][status] GET https://firebase.googleapis.com/v1beta1/projects/shreem-natyalaya 200
[debug] [2026-01-26T14:18:46.401Z] <<< [apiv2][body] GET https://firebase.googleapis.com/v1beta1/projects/shreem-natyalaya {"projectId":"shreem-natyalaya","projectNumber":"924995485133","displayName":"shreem-natyalaya","name":"projects/shreem-natyalaya","resources":{"hostingSite":"shreem-natyalaya"},"state":"ACTIVE","etag":"1_59d6c82d-627b-4552-8baa-0d08630368cb"}
[info] 
[info] === Deploying to 'shreem-natyalaya'...
[info] 
[info] i  deploying firestore, hosting 
[info] i  firestore: ensuring required API firestore.googleapis.com is enabled... 
[info] i  firestore: ensuring required API firestore.googleapis.com is enabled... 
[debug] [2026-01-26T14:18:46.406Z] Checked if tokens are valid: true, expires at: 1769440484983
[debug] [2026-01-26T14:18:46.406Z] Checked if tokens are valid: true, expires at: 1769440484983
[debug] [2026-01-26T14:18:46.406Z] >>> [apiv2][query] GET https://firestore.googleapis.com/v1/projects/shreem-natyalaya/databases/(default) [none]
[debug] [2026-01-26T14:18:50.464Z] <<< [apiv2][status] GET https://firestore.googleapis.com/v1/projects/shreem-natyalaya/databases/(default) 200
[debug] [2026-01-26T14:18:50.464Z] <<< [apiv2][body] GET https://firestore.googleapis.com/v1/projects/shreem-natyalaya/databases/(default) {"name":"projects/shreem-natyalaya/databases/(default)","uid":"865d7519-1a6f-4c65-911b-e684a312cceb","createTime":"2026-01-21T07:21:38.850989Z","updateTime":"2026-01-21T07:21:38.850989Z","locationId":"asia-south1","type":"FIRESTORE_NATIVE","concurrencyMode":"PESSIMISTIC","versionRetentionPeriod":"3600s","earliestVersionTime":"2026-01-26T13:18:49.573764Z","appEngineIntegrationMode":"DISABLED","keyPrefix":"j","pointInTimeRecoveryEnablement":"POINT_IN_TIME_RECOVERY_DISABLED","deleteProtectionState":"DELETE_PROTECTION_DISABLED","databaseEdition":"STANDARD","freeTier":true,"realtimeUpdatesMode":"REALTIME_UPDATES_MODE_ENABLED","etag":"IK6FvvyyqZIDMN2z37aMnJID"}
[info] i  firestore: reading indexes from firestore.indexes.json... 
[info] i  cloud.firestore: checking firestore.rules for compilation errors... 
[debug] [2026-01-26T14:18:50.467Z] Checked if tokens are valid: true, expires at: 1769440484983
[debug] [2026-01-26T14:18:50.467Z] Checked if tokens are valid: true, expires at: 1769440484983
[debug] [2026-01-26T14:18:50.468Z] >>> [apiv2][query] POST https://firebaserules.googleapis.com/v1/projects/shreem-natyalaya:test [none]
[debug] [2026-01-26T14:18:50.468Z] >>> [apiv2][body] POST https://firebaserules.googleapis.com/v1/projects/shreem-natyalaya:test [omitted]
[debug] [2026-01-26T14:18:58.830Z] <<< [apiv2][status] POST https://firebaserules.googleapis.com/v1/projects/shreem-natyalaya:test 200
[debug] [2026-01-26T14:18:58.831Z] <<< [apiv2][body] POST https://firebaserules.googleapis.com/v1/projects/shreem-natyalaya:test {}
[info] ✔  cloud.firestore: rules file firestore.rules compiled successfully 
[debug] [2026-01-26T14:18:58.835Z] Checked if tokens are valid: true, expires at: 1769440484983
[debug] [2026-01-26T14:18:58.835Z] Checked if tokens are valid: true, expires at: 1769440484983
[debug] [2026-01-26T14:18:58.835Z] >>> [apiv2][query] POST https://firebasehosting.googleapis.com/v1beta1/projects/-/sites/shreem-natyalaya/versions [none]
[debug] [2026-01-26T14:18:58.835Z] >>> [apiv2][body] POST https://firebasehosting.googleapis.com/v1beta1/projects/-/sites/shreem-natyalaya/versions {"status":"CREATED","labels":{"deployment-tool":"cli-firebase"}}
[debug] [2026-01-26T14:19:08.969Z] <<< [apiv2][status] POST https://firebasehosting.googleapis.com/v1beta1/projects/-/sites/shreem-natyalaya/versions 200
[debug] [2026-01-26T14:19:08.970Z] <<< [apiv2][body] POST https://firebasehosting.googleapis.com/v1beta1/projects/-/sites/shreem-natyalaya/versions {"name":"projects/924995485133/sites/shreem-natyalaya/versions/f4bdb391200af27f","status":"CREATED","config":{},"labels":{"deployment-tool":"cli-firebase"}}
[debug] [2026-01-26T14:19:08.971Z] Checked if tokens are valid: true, expires at: 1769440484983
[debug] [2026-01-26T14:19:08.971Z] Checked if tokens are valid: true, expires at: 1769440484983
[debug] [2026-01-26T14:19:08.971Z] >>> [apiv2][query] GET https://firebaserules.googleapis.com/v1/projects/shreem-natyalaya/releases pageSize=10&pageToken=
[debug] [2026-01-26T14:19:18.797Z] <<< [apiv2][status] GET https://firebaserules.googleapis.com/v1/projects/shreem-natyalaya/releases 200
[debug] [2026-01-26T14:19:18.797Z] <<< [apiv2][body] GET https://firebaserules.googleapis.com/v1/projects/shreem-natyalaya/releases {"releases":[{"name":"projects/shreem-natyalaya/releases/cloud.firestore","rulesetName":"projects/shreem-natyalaya/rulesets/285f7d41-e96f-41a0-a6bf-9d7ebf41ffb8","createTime":"2026-01-21T07:21:49.134087Z","updateTime":"2026-01-26T13:47:12.452714Z"}]}
[debug] [2026-01-26T14:19:18.798Z] Checked if tokens are valid: true, expires at: 1769440484983
[debug] [2026-01-26T14:19:18.798Z] Checked if tokens are valid: true, expires at: 1769440484983
[debug] [2026-01-26T14:19:18.798Z] >>> [apiv2][query] GET https://firebaserules.googleapis.com/v1/projects/shreem-natyalaya/rulesets/285f7d41-e96f-41a0-a6bf-9d7ebf41ffb8 [none]
[debug] [2026-01-26T14:19:20.976Z] <<< [apiv2][status] GET https://firebaserules.googleapis.com/v1/projects/shreem-natyalaya/rulesets/285f7d41-e96f-41a0-a6bf-9d7ebf41ffb8 200
[debug] [2026-01-26T14:19:20.976Z] <<< [apiv2][body] GET https://firebaserules.googleapis.com/v1/projects/shreem-natyalaya/rulesets/285f7d41-e96f-41a0-a6bf-9d7ebf41ffb8 [omitted]
[info] i  firestore: latest version of firestore.rules already up to date, skipping upload... 
[info] i  firestore: deploying indexes... 
[debug] [2026-01-26T14:19:20.978Z] Checked if tokens are valid: true, expires at: 1769440484983
[debug] [2026-01-26T14:19:20.978Z] Checked if tokens are valid: true, expires at: 1769440484983
[debug] [2026-01-26T14:19:20.978Z] >>> [apiv2][query] GET https://firestore.googleapis.com/v1/projects/shreem-natyalaya/databases/(default)/collectionGroups/-/indexes [none]
[debug] [2026-01-26T14:19:25.595Z] <<< [apiv2][status] GET https://firestore.googleapis.com/v1/projects/shreem-natyalaya/databases/(default)/collectionGroups/-/indexes 200
[debug] [2026-01-26T14:19:25.595Z] <<< [apiv2][body] GET https://firestore.googleapis.com/v1/projects/shreem-natyalaya/databases/(default)/collectionGroups/-/indexes {}
[debug] [2026-01-26T14:19:25.595Z] Checked if tokens are valid: true, expires at: 1769440484983
[debug] [2026-01-26T14:19:25.595Z] Checked if tokens are valid: true, expires at: 1769440484983
[debug] [2026-01-26T14:19:25.596Z] >>> [apiv2][query] GET https://firestore.googleapis.com/v1/projects/shreem-natyalaya/databases/(default)/collectionGroups/-/fields?filter=indexConfig.usesAncestorConfig=false OR ttlConfig:* [none]
[debug] [2026-01-26T14:19:26.706Z] <<< [apiv2][status] GET https://firestore.googleapis.com/v1/projects/shreem-natyalaya/databases/(default)/collectionGroups/-/fields?filter=indexConfig.usesAncestorConfig=false OR ttlConfig:* 200
[debug] [2026-01-26T14:19:26.706Z] <<< [apiv2][body] GET https://firestore.googleapis.com/v1/projects/shreem-natyalaya/databases/(default)/collectionGroups/-/fields?filter=indexConfig.usesAncestorConfig=false OR ttlConfig:* {"fields":[{"name":"projects/shreem-natyalaya/databases/(default)/collectionGroups/__default__/fields/*","indexConfig":{"indexes":[{"queryScope":"COLLECTION","fields":[{"fieldPath":"*","order":"ASCENDING"}],"state":"READY"},{"queryScope":"COLLECTION","fields":[{"fieldPath":"*","order":"DESCENDING"}],"state":"READY"},{"queryScope":"COLLECTION","fields":[{"fieldPath":"*","arrayConfig":"CONTAINS"}],"state":"READY"}]}}]}
[debug] [2026-01-26T14:19:26.706Z] Checked if tokens are valid: true, expires at: 1769440484983
[debug] [2026-01-26T14:19:26.706Z] Checked if tokens are valid: true, expires at: 1769440484983
[debug] [2026-01-26T14:19:26.707Z] >>> [apiv2][query] GET https://firestore.googleapis.com/v1/projects/shreem-natyalaya/databases/(default) [none]
[debug] [2026-01-26T14:19:27.980Z] <<< [apiv2][status] GET https://firestore.googleapis.com/v1/projects/shreem-natyalaya/databases/(default) 200
[debug] [2026-01-26T14:19:27.980Z] <<< [apiv2][body] GET https://firestore.googleapis.com/v1/projects/shreem-natyalaya/databases/(default) {"name":"projects/shreem-natyalaya/databases/(default)","uid":"865d7519-1a6f-4c65-911b-e684a312cceb","createTime":"2026-01-21T07:21:38.850989Z","updateTime":"2026-01-21T07:21:38.850989Z","locationId":"asia-south1","type":"FIRESTORE_NATIVE","concurrencyMode":"PESSIMISTIC","versionRetentionPeriod":"3600s","earliestVersionTime":"2026-01-26T13:19:27.128193Z","appEngineIntegrationMode":"DISABLED","keyPrefix":"j","pointInTimeRecoveryEnablement":"POINT_IN_TIME_RECOVERY_DISABLED","deleteProtectionState":"DELETE_PROTECTION_DISABLED","databaseEdition":"STANDARD","freeTier":true,"realtimeUpdatesMode":"REALTIME_UPDATES_MODE_ENABLED","etag":"IOuYso6zqZIDMN2z37aMnJID"}
[info] ✔  firestore: deployed indexes in firestore.indexes.json successfully for (default) database 
[info] i  hosting[shreem-natyalaya]: beginning deploy... 
[info] i  hosting[shreem-natyalaya]: found 67 files in dist/shreem-natyalaya/browser 
[debug] [2026-01-26T14:19:28.000Z] [hosting] uploading with 200 concurrency
[debug] [2026-01-26T14:19:28.188Z] Checked if tokens are valid: true, expires at: 1769440484983
[debug] [2026-01-26T14:19:28.188Z] Checked if tokens are valid: true, expires at: 1769440484983
[debug] [2026-01-26T14:19:28.189Z] [hosting] hash cache [ZGlzdC9zaHJlZW0tbmF0eWFsYXlhL2Jyb3dzZXI] stored for 67 files
[debug] [2026-01-26T14:19:28.189Z] [hosting][hash queue][FINAL] {"max":179,"min":17,"avg":67.77611940298507,"active":0,"complete":67,"success":67,"errored":0,"retried":0,"total":67,"elapsed":186}
[debug] [2026-01-26T14:19:28.189Z] >>> [apiv2][query] POST https://firebasehosting.googleapis.com/v1beta1/projects/924995485133/sites/shreem-natyalaya/versions/f4bdb391200af27f:populateFiles [none]
[debug] [2026-01-26T14:19:28.189Z] >>> [apiv2][body] POST https://firebasehosting.googleapis.com/v1beta1/projects/924995485133/sites/shreem-natyalaya/versions/f4bdb391200af27f:populateFiles {"files":{"/styles-QOQEYGNS.css":"56f5fd56ca8ff3337678b0212292dc7e5be5d722979db6d5b9221db2196a8fd6","/index.html":"9af13cb7437045222b548ca7319f53b8c628183544e96982f0bf51215bc8f2c8","/chunk-TQJFZ75C.js":"2194278d9469b576bb97756400b9e4abab7c51c33e8cd10800399fc14ec1a9f0","/chunk-QOPQGHOP.js":"cf8a937598e90b4cf09d46fc2199f7c9b356e22ad6db74db96c5e21a57f99666","/chunk-ZHRX5RTK.js":"7858abb282290d92c7bfd390f0acb51f9b3584af119fb9795b837bfa1dc1faa0","/main-JTKC2SJC.js":"4ed04c006b0b35e4a56073fbe915501c4364ea3a38d0e6f9174d722ab8967a44","/chunk-NQUPPHG6.js":"4b7df2ee49f38dc61b51412e624e6a1049c5fa90becfaa176071ed5dfad5ebcc","/chunk-6XAQDUWY.js":"518be23953ad203235e20a77e34b5909ca72d573d741f4335812ed6f23faa243","/chunk-GXVKZSZR.js":"439cca6824f61e1990300ef88b9a710beb5eeb70bf1161184d7163fbce0acfc9","/chunk-45BM7LTN.js":"194fabe1f14b3d4d48d2dbe937eda0011bea7cf7419d8addb6db518e916f51c0","/assets/images/veenai.jpeg":"9eddfa528a12e8056b6bb4641051ad281d4a0717f7480ad2e7f7e9d1f9bc4f1e","/chunk-3VRJRUG5.js":"9372d03450ce14089ab75cefcaa42ae3711d2eda0fd91d8ee2870b9fbaa5d3b4","/chunk-3PBUKLGG.js":"bc35f7786f4307e577829a773101455c1b6e3382c95307e3db79cebb32e50877","/assets/images/veenaicon.webp":"96c03c5cd656602e440fd8d25ccf79b6b012a031db132706af793e104f669bdd","/assets/images/swasthikicon1.webp":"8e0edd1ea1e62e54a2fd9a1320a1453c1145f979a352998c95c77ce9f6d80bfb","/assets/images/slokam.png":"8cbab3fa94bfcd5be8b63e0a835738b8f5efc73589ecf8716f86dff34ce7a519","/assets/images/sivasubramanyan.jpeg":"4e255a85a125eb21c51d72c4b9d2bf739fa883fea23ce75a04517962bbc8d028","/assets/images/natrajar.jpeg":"0e19024a39bac16f912e63c25bafc2eca4ed869d28c6d448b1a0bf1e4154212e","/assets/images/muralidharan.jpeg":"7d6c03a42f6e1be2c327f300de7146498b63c8b9d2c78e1d6bf14db1d814294f","/assets/images/mangaiyarkarasi.jpeg":"4809cb815ef683addbb564c68b5e54bfaefafb740b3a7fac6d3216a8adcb89ee","/assets/images/swasthikicon.webp":"1ba8d6f17e0c267560e7b5dd837a8e147336c25058701edb3958bbc2019d44eb","/assets/images/veena-award.jpg":"c705208317581d1fa330e82712e1122eb48552c7f9672b243e946c0e83ac452d","/assets/images/tamilnadulogo.webp":"ce6b0990e8e68b770ad7cc9edc9ee6ea87ad21b09156cb5900f1760d22e486e3","/assets/images/logo.jpg":"78b7851f3ae524f8a20c6cbeeff43868de8788cdc0698aa48e536a3d38fee16a","/chunk-4RFDWFHG.js":"cdc208554d2e363ee16be79e70565d05b2a785f2211622671ccfab28b73c5caf","/assets/images/srmlogo.webp":"904bc6af70fc00c6120437a7e6aaf2decaa9038f240ddddf6f331b460d7bcdd9","/assets/i18n/en.json":"da3a80b5ac5899a3ffdc1fa043fdc7e58cf1326f1b19845df7aa901aee56f794","/assets/images/classImage3.jpg":"49abba2c31ef73490c5af8318ac444e3327d864726b79ca7705a7aea5b6bee23","/assets/images/bharathanatyamicon.webp":"1b3fd96713393ac6671540bbf351263c5268845154632bc1770af1d4eca369c0","/assets/images/arangetram.jpg":"8ba2a7a1c3a479f8836d66079d247c01f03eca49fa04792932a13960206fb0e8","/chunk-RLYGLONP.js":"95b12820bc426c2239400aaaad992d07532583c42d8b663d06f87cad1d2a74fa","/assets/i18n/ta.json":"1b392e59eaa36a6b611c72d093d701e981a9bc8e8e5ff3993ab2db2741975aca","/assets/images/salangaipooja.jpg":"f8b1f7f3bdb4c1950785fa9360311cc8a8759066730cde1a8950dcc9719fcbf5","/assets/images/valarkalai.jpg":"b504c66f3055694ac11c2ba2b5c16d02c7e9548172ee8121b4875739b618bdfa","/assets/images/self1.jpg":"c7e8f58c1d33d691e701a831eabeaef0be3d9b0cbff804a126053d0e8760120b","/assets/images/group2.jpg":"d808895b50f7c4afc99c47148f18f927685e767f2c39bfdf0208f0c0b3fdabca","/assets/images/withguru.jpg":"3057aa4c528b4d3d734fe8c3551257d05d15d71d6942f48177cb817ae806db53","/assets/images/stagegroupie2.jpg":"b406063d37fd01abd6ca4123f6d327eaf418a1983c8c86823fa11736d0c69410","/assets/images/ranganathar1.jpg":"700465e0cbd9e1b9a9551e0b8b00d59190a7c43d4209afd0a59bbb2531b9e4fe","/assets/images/statefirst.jpg":"003a7d596d3b3582f3c138b0ddf0a16361f53668a4f21e4a2bb1b4570a72627d","/assets/images/studentsgroupie.jpg":"8e84d9e85172867977a9a57c60a5bb9ac98d569235af23962525a16185467ce8","/assets/images/group4.jpg":"fd1b5cdf44ace41dbecbb6dec8c291c561e1f41a79dd00770b80025f86a848f8","/assets/images/ranganathar.jpg":"e674ba25375a5f3119100789f04e55be163d7ac80edce2333f90cfb38ce49580","/assets/images/perumal.jpg":"62d6080d2e1bb87c24ee036150af003d633b00111cb9aca181de4e8dde534888","/assets/images/self4.jpg":"de631e4f0a0cfc256c27bd264f88540ccf22bb7c383494b3ad108eb93bb0b15d","/assets/images/self2.jpg":"b181529de32c39f56ea1289b74adc01961665362a335c5878c89ff38c8c17198","/assets/images/balaramar.jpg":"d5144497a7a0375cf494f6ecad8c6537f5954a8d14a73ef48365c156fe1ab36c","/assets/images/stagegroupie3.jpg":"419eef478007b6459f7a42be941d03dc4371a29a00e91d2872ea1c56d74f323a","/assets/images/assistantdirector.jpg":"231cd2a26530e25c7a5d152e5431d5bef8af831281b8971185f5c432475ae493","/assets/images/withforeigners.jpg":"00ad9889806dd7682357daf6548ef47b821425d755cf39e6f6ef20487434946e","/assets/images/sree.jpg":"39d99206ea46f02410c75d80f75e8cd66949f2efe8f2d1bdd60c40a1595334bb","/assets/images/groupie1.jpg":"cc9285af50b4b65b188f45e7786645c9cacf19d904429162e49a98b023f1e279","/assets/images/founder1.jpg":"39d99206ea46f02410c75d80f75e8cd66949f2efe8f2d1bdd60c40a1595334bb","/assets/images/founder3.jpg":"c7b5834d3dbcadf7fdba4b25482e301edca90d645c9c76cebca01b03b4694236","/assets/images/self3.jpg":"da1835df2e097c9ad43641813548bd8298c355d71f1121ff33cba9414579c253","/assets/images/group1.jpg":"8d43da2e6ca7e40fc4288797829f13dd35affeb8333156b9c1dce92f0a9ad10c","/assets/images/arangetramgroupie.jpg":"0e0e8f58931824e707796e37ab263e5f98aab5a4cad54f43c59cc22fb727a526","/assets/images/stagegroupie1.jpg":"ceead6b4591368d0452d78f599032919c6586c474b800babba7807fbc10725b3","/assets/images/mnr.jpg":"f3f7a20697d49157e1fc37c45e48aff421f800058066ce0d6e10bcb53069a34c","/assets/images/stagegroupie.jpg":"d34d96e23a7fd9da0a66b5e0bf06dba806e6a8b8777079575e1c923747fc6e04","/assets/images/groupiewithparents.jpg":"80cf7b485d2674d1cc7c7848da5660eddbedde551e92697eaa8f747e7933fc3d","/assets/images/salangaiPooja.png":"eb16b09894c352a1a3c470af8b1152d13c59ce64ee31fe0fef708eb3ab1969b7","/assets/images/founder.png":"5f1e48151ed3d2874ba524d25f0907e77d6366dc4912deb59c578d37948f15da","/assets/images/classImage1.png":"1ab57278f0bd27dab373515c418f81b9da99c4e91e096f1bf0f1b5a740941fbe","/assets/images/keyboardGuru.png":"fc7d8e8c0e98c1a93bc470160bfbb082ae6beb181172f7bf3eda468d4a09eb3f","/assets/images/upcomingprogram.png":"f1c428cb43d54e3af84ba1b35b8720757c9bb6e4e16756fd512864dd497366b9","/assets/images/kanchana.png":"30bc4a6a06bcd96669ecda7d34a2889aa33386fea26290b5ac186615bbb30a22"}}
[debug] [2026-01-26T14:19:38.248Z] <<< [apiv2][status] POST https://firebasehosting.googleapis.com/v1beta1/projects/924995485133/sites/shreem-natyalaya/versions/f4bdb391200af27f:populateFiles 200
[debug] [2026-01-26T14:19:38.248Z] <<< [apiv2][body] POST https://firebasehosting.googleapis.com/v1beta1/projects/924995485133/sites/shreem-natyalaya/versions/f4bdb391200af27f:populateFiles {"uploadRequiredHashes":["56f5fd56ca8ff3337678b0212292dc7e5be5d722979db6d5b9221db2196a8fd6","9af13cb7437045222b548ca7319f53b8c628183544e96982f0bf51215bc8f2c8","4ed04c006b0b35e4a56073fbe915501c4364ea3a38d0e6f9174d722ab8967a44"],"uploadUrl":"https://upload-firebasehosting.googleapis.com/upload/sites/shreem-natyalaya/versions/f4bdb391200af27f/files"}
[debug] [2026-01-26T14:19:38.249Z] Checked if tokens are valid: true, expires at: 1769440484983
[debug] [2026-01-26T14:19:38.249Z] Checked if tokens are valid: true, expires at: 1769440484983
[debug] [2026-01-26T14:19:38.249Z] Checked if tokens are valid: true, expires at: 1769440484983
[debug] [2026-01-26T14:19:38.249Z] Checked if tokens are valid: true, expires at: 1769440484983
[debug] [2026-01-26T14:19:38.250Z] Checked if tokens are valid: true, expires at: 1769440484983
[debug] [2026-01-26T14:19:38.250Z] Checked if tokens are valid: true, expires at: 1769440484983
[debug] [2026-01-26T14:19:38.250Z] >>> [apiv2][query] POST https://upload-firebasehosting.googleapis.com/upload/sites/shreem-natyalaya/versions/f4bdb391200af27f/files/56f5fd56ca8ff3337678b0212292dc7e5be5d722979db6d5b9221db2196a8fd6 [none]
[debug] [2026-01-26T14:19:38.250Z] >>> [apiv2][body] POST https://upload-firebasehosting.googleapis.com/upload/sites/shreem-natyalaya/versions/f4bdb391200af27f/files/56f5fd56ca8ff3337678b0212292dc7e5be5d722979db6d5b9221db2196a8fd6 [stream]
[debug] [2026-01-26T14:19:38.251Z] >>> [apiv2][query] POST https://upload-firebasehosting.googleapis.com/upload/sites/shreem-natyalaya/versions/f4bdb391200af27f/files/9af13cb7437045222b548ca7319f53b8c628183544e96982f0bf51215bc8f2c8 [none]
[debug] [2026-01-26T14:19:38.251Z] >>> [apiv2][body] POST https://upload-firebasehosting.googleapis.com/upload/sites/shreem-natyalaya/versions/f4bdb391200af27f/files/9af13cb7437045222b548ca7319f53b8c628183544e96982f0bf51215bc8f2c8 [stream]
[debug] [2026-01-26T14:19:38.253Z] >>> [apiv2][query] POST https://upload-firebasehosting.googleapis.com/upload/sites/shreem-natyalaya/versions/f4bdb391200af27f/files/4ed04c006b0b35e4a56073fbe915501c4364ea3a38d0e6f9174d722ab8967a44 [none]
[debug] [2026-01-26T14:19:38.253Z] >>> [apiv2][body] POST https://upload-firebasehosting.googleapis.com/upload/sites/shreem-natyalaya/versions/f4bdb391200af27f/files/4ed04c006b0b35e4a56073fbe915501c4364ea3a38d0e6f9174d722ab8967a44 [stream]
[debug] [2026-01-26T14:19:38.254Z] [hosting][populate queue][FINAL] {"max":10062,"min":10062,"avg":10062,"active":0,"complete":1,"success":1,"errored":0,"retried":0,"total":1,"elapsed":10066}
[debug] [2026-01-26T14:19:38.254Z] [hosting] uploads queued: 3
[debug] [2026-01-26T14:19:48.151Z] <<< [apiv2][status] POST https://upload-firebasehosting.googleapis.com/upload/sites/shreem-natyalaya/versions/f4bdb391200af27f/files/56f5fd56ca8ff3337678b0212292dc7e5be5d722979db6d5b9221db2196a8fd6 200
[debug] [2026-01-26T14:19:48.152Z] <<< [apiv2][body] POST https://upload-firebasehosting.googleapis.com/upload/sites/shreem-natyalaya/versions/f4bdb391200af27f/files/56f5fd56ca8ff3337678b0212292dc7e5be5d722979db6d5b9221db2196a8fd6 [stream]
[debug] [2026-01-26T14:19:48.797Z] <<< [apiv2][status] POST https://upload-firebasehosting.googleapis.com/upload/sites/shreem-natyalaya/versions/f4bdb391200af27f/files/9af13cb7437045222b548ca7319f53b8c628183544e96982f0bf51215bc8f2c8 200
[debug] [2026-01-26T14:19:48.797Z] <<< [apiv2][body] POST https://upload-firebasehosting.googleapis.com/upload/sites/shreem-natyalaya/versions/f4bdb391200af27f/files/9af13cb7437045222b548ca7319f53b8c628183544e96982f0bf51215bc8f2c8 [stream]
[debug] [2026-01-26T14:19:49.354Z] <<< [apiv2][status] POST https://upload-firebasehosting.googleapis.com/upload/sites/shreem-natyalaya/versions/f4bdb391200af27f/files/4ed04c006b0b35e4a56073fbe915501c4364ea3a38d0e6f9174d722ab8967a44 200
[debug] [2026-01-26T14:19:49.354Z] <<< [apiv2][body] POST https://upload-firebasehosting.googleapis.com/upload/sites/shreem-natyalaya/versions/f4bdb391200af27f/files/4ed04c006b0b35e4a56073fbe915501c4364ea3a38d0e6f9174d722ab8967a44 [stream]
[debug] [2026-01-26T14:19:49.354Z] [hosting][upload queue][FINAL] {"max":11105,"min":9904,"avg":10519,"active":0,"complete":3,"success":3,"errored":0,"retried":0,"total":3,"elapsed":11106}
[info] ✔  hosting[shreem-natyalaya]: file upload complete 
[debug] [2026-01-26T14:19:49.355Z] [hosting] deploy completed after 21371ms
[debug] [2026-01-26T14:19:49.355Z] [rules] releasing cloud.firestore/(default) with ruleset projects/shreem-natyalaya/rulesets/285f7d41-e96f-41a0-a6bf-9d7ebf41ffb8
[debug] [2026-01-26T14:19:49.355Z] Checked if tokens are valid: true, expires at: 1769440484983
[debug] [2026-01-26T14:19:49.355Z] Checked if tokens are valid: true, expires at: 1769440484983
[debug] [2026-01-26T14:19:49.356Z] >>> [apiv2][query] PATCH https://firebaserules.googleapis.com/v1/projects/shreem-natyalaya/releases/cloud.firestore/(default) [none]
[debug] [2026-01-26T14:19:49.356Z] >>> [apiv2][body] PATCH https://firebaserules.googleapis.com/v1/projects/shreem-natyalaya/releases/cloud.firestore/(default) {"release":{"name":"projects/shreem-natyalaya/releases/cloud.firestore/(default)","rulesetName":"projects/shreem-natyalaya/rulesets/285f7d41-e96f-41a0-a6bf-9d7ebf41ffb8"}}
[debug] [2026-01-26T14:19:58.119Z] <<< [apiv2][status] PATCH https://firebaserules.googleapis.com/v1/projects/shreem-natyalaya/releases/cloud.firestore/(default) 200
[debug] [2026-01-26T14:19:58.120Z] <<< [apiv2][body] PATCH https://firebaserules.googleapis.com/v1/projects/shreem-natyalaya/releases/cloud.firestore/(default) {"name":"projects/shreem-natyalaya/releases/cloud.firestore","rulesetName":"projects/shreem-natyalaya/rulesets/285f7d41-e96f-41a0-a6bf-9d7ebf41ffb8","createTime":"2026-01-21T07:21:49.134087Z","updateTime":"2026-01-26T14:19:57.335801Z"}
[debug] [2026-01-26T14:19:58.120Z] [rules] updated release projects/shreem-natyalaya/releases/cloud.firestore
[info] ✔  firestore: released rules firestore.rules to cloud.firestore 
[debug] [2026-01-26T14:19:58.120Z] [
  {
    "config": {
      "public": "dist/shreem-natyalaya/browser",
      "ignore": [
        "firebase.json",
        "**/.*",
        "**/node_modules/**"
      ],
      "rewrites": [
        {
          "source": "**",
          "destination": "/index.html"
        }
      ],
      "site": "shreem-natyalaya"
    },
    "version": "projects/924995485133/sites/shreem-natyalaya/versions/f4bdb391200af27f"
  }
]
[info] i  hosting[shreem-natyalaya]: finalizing version... 
[debug] [2026-01-26T14:19:58.122Z] Checked if tokens are valid: true, expires at: 1769440484983
[debug] [2026-01-26T14:19:58.122Z] Checked if tokens are valid: true, expires at: 1769440484983
[debug] [2026-01-26T14:19:58.122Z] >>> [apiv2][query] PATCH https://firebasehosting.googleapis.com/v1beta1/projects/-/sites/shreem-natyalaya/versions/f4bdb391200af27f updateMask=status%2Cconfig
[debug] [2026-01-26T14:19:58.122Z] >>> [apiv2][body] PATCH https://firebasehosting.googleapis.com/v1beta1/projects/-/sites/shreem-natyalaya/versions/f4bdb391200af27f {"status":"FINALIZED","config":{"rewrites":[{"glob":"**","path":"/index.html"}]}}
[debug] [2026-01-26T14:20:07.100Z] <<< [apiv2][status] PATCH https://firebasehosting.googleapis.com/v1beta1/projects/-/sites/shreem-natyalaya/versions/f4bdb391200af27f 200
[debug] [2026-01-26T14:20:07.100Z] <<< [apiv2][body] PATCH https://firebasehosting.googleapis.com/v1beta1/projects/-/sites/shreem-natyalaya/versions/f4bdb391200af27f {"name":"projects/924995485133/sites/shreem-natyalaya/versions/f4bdb391200af27f","status":"FINALIZED","config":{"rewrites":[{"glob":"**","path":"/index.html"}]},"labels":{"deployment-tool":"cli-firebase"},"createTime":"2026-01-26T14:19:07.728081Z","createUser":{"email":"sanjusree2626@gmail.com"},"finalizeTime":"2026-01-26T14:20:06.618058Z","finalizeUser":{"email":"sanjusree2626@gmail.com"}}
[debug] [2026-01-26T14:20:07.100Z] [hosting] finalized version for shreem-natyalaya:[object Object]
[info] ✔  hosting[shreem-natyalaya]: version finalized 
[info] i  hosting[shreem-natyalaya]: releasing new version... 
[debug] [2026-01-26T14:20:07.101Z] Checked if tokens are valid: true, expires at: 1769440484983
[debug] [2026-01-26T14:20:07.101Z] Checked if tokens are valid: true, expires at: 1769440484983
[debug] [2026-01-26T14:20:07.101Z] >>> [apiv2][query] POST https://firebasehosting.googleapis.com/v1beta1/projects/-/sites/shreem-natyalaya/channels/live/releases versionName=projects%2F924995485133%2Fsites%2Fshreem-natyalaya%2Fversions%2Ff4bdb391200af27f
[debug] [2026-01-26T14:20:07.101Z] >>> [apiv2][body] POST https://firebasehosting.googleapis.com/v1beta1/projects/-/sites/shreem-natyalaya/channels/live/releases {}
[debug] [2026-01-26T14:20:08.257Z] <<< [apiv2][status] POST https://firebasehosting.googleapis.com/v1beta1/projects/-/sites/shreem-natyalaya/channels/live/releases 200
[debug] [2026-01-26T14:20:08.257Z] <<< [apiv2][body] POST https://firebasehosting.googleapis.com/v1beta1/projects/-/sites/shreem-natyalaya/channels/live/releases {"name":"projects/924995485133/sites/shreem-natyalaya/channels/live/releases/1769437207150000","version":{"name":"projects/924995485133/sites/shreem-natyalaya/versions/f4bdb391200af27f","status":"FINALIZED","config":{"rewrites":[{"glob":"**","path":"/index.html"}]},"labels":{"deployment-tool":"cli-firebase"},"createTime":"2026-01-26T14:19:07.728081Z","createUser":{"email":"sanjusree2626@gmail.com","imageUrl":"https://lh3.googleusercontent.com/a/ACg8ocLKl0tqwS8z-13zfvoAZTrkzG-PaCQ3JIg8KgyfMQF45bjv_Q=mo"},"finalizeTime":"2026-01-26T14:20:06.618058Z","finalizeUser":{"email":"sanjusree2626@gmail.com","imageUrl":"https://lh3.googleusercontent.com/a/ACg8ocLKl0tqwS8z-13zfvoAZTrkzG-PaCQ3JIg8KgyfMQF45bjv_Q=mo"}},"type":"DEPLOY","releaseTime":"2026-01-26T14:20:07.150Z","releaseUser":{"email":"sanjusree2626@gmail.com","imageUrl":"https://lh3.googleusercontent.com/a/ACg8ocLKl0tqwS8z-13zfvoAZTrkzG-PaCQ3JIg8KgyfMQF45bjv_Q=mo"}}
[debug] [2026-01-26T14:20:08.257Z] [hosting] release: {"name":"projects/924995485133/sites/shreem-natyalaya/channels/live/releases/1769437207150000","version":{"name":"projects/924995485133/sites/shreem-natyalaya/versions/f4bdb391200af27f","status":"FINALIZED","config":{"rewrites":[{"glob":"**","path":"/index.html"}]},"labels":{"deployment-tool":"cli-firebase"},"createTime":"2026-01-26T14:19:07.728081Z","createUser":{"email":"sanjusree2626@gmail.com","imageUrl":"https://lh3.googleusercontent.com/a/ACg8ocLKl0tqwS8z-13zfvoAZTrkzG-PaCQ3JIg8KgyfMQF45bjv_Q=mo"},"finalizeTime":"2026-01-26T14:20:06.618058Z","finalizeUser":{"email":"sanjusree2626@gmail.com","imageUrl":"https://lh3.googleusercontent.com/a/ACg8ocLKl0tqwS8z-13zfvoAZTrkzG-PaCQ3JIg8KgyfMQF45bjv_Q=mo"}},"type":"DEPLOY","releaseTime":"2026-01-26T14:20:07.150Z","releaseUser":{"email":"sanjusree2626@gmail.com","imageUrl":"https://lh3.googleusercontent.com/a/ACg8ocLKl0tqwS8z-13zfvoAZTrkzG-PaCQ3JIg8KgyfMQF45bjv_Q=mo"}}
[info] ✔  hosting[shreem-natyalaya]: release complete 
[info] 
[info] ✔  Deploy complete! 
[info] 
[info] Project Console: https://console.firebase.google.com/project/shreem-natyalaya/overview
[info] Hosting URL: https://shreem-natyalaya.web.app
[debug] [2026-01-26T14:20:14.403Z] Error: Timed out.
    at Timeout._onTimeout (/Users/deepthasanjusree/.npm-global/lib/node_modules/firebase-tools/lib/utils.js:308:49)
    at listOnTimeout (node:internal/timers:605:17)
    at process.processTimers (node:internal/timers:541:7)
[error] 
[error] Error: An unexpected error has occurred.
